TN:
SF:src/domain/category.entity.ts
FN:15,<instance_members_initializer>
FN:22,Category
FN:30,create
FN:34,changeName
FN:38,changeDescription
FN:42,activate
FN:46,deactivate
FN:50,toJSON
FNF:8
FNH:2
FNDA:2,<instance_members_initializer>
FNDA:2,Category
FNDA:0,create
FNDA:0,changeName
FNDA:0,changeDescription
FNDA:0,activate
FNDA:0,deactivate
FNDA:0,toJSON
DA:1,1
DA:2,1
DA:3,1
DA:4,1
DA:5,1
DA:6,1
DA:7,1
DA:8,1
DA:9,1
DA:10,1
DA:11,1
DA:12,1
DA:13,1
DA:14,1
DA:15,1
DA:16,2
DA:17,2
DA:18,2
DA:19,2
DA:20,2
DA:21,2
DA:22,2
DA:23,2
DA:24,2
DA:25,2
DA:26,2
DA:27,2
DA:28,2
DA:29,2
DA:30,2
DA:31,0
DA:32,0
DA:33,2
DA:34,2
DA:35,0
DA:36,0
DA:37,2
DA:38,2
DA:39,0
DA:40,0
DA:41,2
DA:42,2
DA:43,0
DA:44,0
DA:45,2
DA:46,2
DA:47,0
DA:48,0
DA:49,2
DA:50,2
DA:51,0
DA:52,0
DA:53,0
DA:54,0
DA:55,0
DA:56,0
DA:57,0
DA:58,0
DA:59,2
LF:59
LH:41
BRDA:15,0,0,2
BRDA:22,1,0,2
BRDA:25,2,0,1
BRDA:26,3,0,1
BRDA:27,4,0,1
BRF:5
BRH:5
end_of_record
