TN:
SF:src/category/domain/category.entity.ts
FN:15,<instance_members_initializer>
FN:22,Category
FN:30,create
FN:34,changeName
FN:38,changeDescription
FN:42,activate
FN:46,deactivate
FN:50,toJSON
FNF:8
FNH:6
FNDA:6,<instance_members_initializer>
FNDA:6,Category
FNDA:0,create
FNDA:1,changeName
FNDA:1,changeDescription
FNDA:1,activate
FNDA:1,deactivate
FNDA:0,toJSON
DA:1,1
DA:2,1
DA:3,1
DA:4,1
DA:5,1
DA:6,1
DA:7,1
DA:8,1
DA:9,1
DA:10,1
DA:11,1
DA:12,1
DA:13,1
DA:14,1
DA:15,1
DA:16,6
DA:17,6
DA:18,6
DA:19,6
DA:20,6
DA:21,6
DA:22,6
DA:23,6
DA:24,6
DA:25,6
DA:26,6
DA:27,6
DA:28,6
DA:29,6
DA:30,6
DA:31,0
DA:32,0
DA:33,6
DA:34,6
DA:35,1
DA:36,1
DA:37,6
DA:38,6
DA:39,1
DA:40,1
DA:41,6
DA:42,6
DA:43,1
DA:44,1
DA:45,6
DA:46,6
DA:47,1
DA:48,1
DA:49,6
DA:50,6
DA:51,0
DA:52,0
DA:53,0
DA:54,0
DA:55,0
DA:56,0
DA:57,0
DA:58,0
DA:59,6
LF:59
LH:49
BRDA:15,0,0,6
BRDA:22,1,0,6
BRDA:25,2,0,5
BRDA:26,3,0,3
BRDA:27,4,0,5
BRDA:34,5,0,1
BRDA:38,6,0,1
BRDA:42,7,0,1
BRDA:46,8,0,1
BRF:9
BRH:9
end_of_record
TN:
SF:src/shared/domain/value-object.ts
FN:4,equals
FNF:1
FNH:1
FNDA:8,equals
DA:1,1
DA:2,1
DA:3,1
DA:4,1
DA:5,8
DA:6,4
DA:7,4
DA:8,4
DA:9,8
DA:10,0
DA:11,0
DA:12,4
DA:13,4
DA:14,4
DA:15,1
LF:15
LH:13
BRDA:4,0,0,8
BRDA:5,1,0,6
BRDA:5,2,0,4
BRDA:9,3,0,0
BRDA:11,4,0,4
BRF:5
BRH:4
end_of_record
